[35m[Appium][39m Welcome to Appium v1.22.3
[35m[Appium][39m Non-default server args:
[35m[Appium][39m   port: 57543
[35m[Appium][39m   loglevel: info
[35m[Appium][39m   tmpDir: C:\Users\ACER-R~1\AppData\Local\Temp\\Katalon\Appium\Temp1671699765003
[35m[Appium][39m   chromedriverPort: 57544
[35m[Appium][39m Deprecated server args:
[35m[Appium][39m   [31m--chromedriver-port[39m => --default-capabilities
[35m[Appium][39m Default capabilities, which will be added to each request unless overridden by desired capabilities:
[35m[Appium][39m   chromedriverPort: 57544
[35m[Appium][39m Appium REST http interface listener started on 0.0.0.0:57543
[35m[HTTP][39m [37m-->[39m [37mGET[39m [37m/wd/hub/status[39m
[35m[HTTP][39m [90m{}[39m
[35m[HTTP][39m [37m<-- GET /wd/hub/status [39m[32m200[39m [90m11 ms - 68[39m
[35m[HTTP][39m [90m[39m
[35m[HTTP][39m [37m-->[39m [37mGET[39m [37m/wd/hub/status[39m
[35m[HTTP][39m [90m{}[39m
[35m[HTTP][39m [37m<-- GET /wd/hub/status [39m[32m200[39m [90m1 ms - 68[39m
[35m[HTTP][39m [90m[39m
[35m[HTTP][39m [37m-->[39m [37mPOST[39m [37m/wd/hub/session[39m
[35m[HTTP][39m [90m{"desiredCapabilities":{"appActivity":".Settings","appPackage":"com.android.settings","newCommandTimeout":1800,"platformVersion":"12","automationName":"uiautomator2","autoGrantPermissions":true,"platformName":"Android","udid":"RRCT303DHAM","deviceName":"samsung SM-M236B (Android 12)","platform":"ANDROID","systemPort":8298},"capabilities":{"firstMatch":[{"appium:appActivity":".Settings","appium:appPackage":"com.android.settings","appium:autoGrantPermissions":true,"appium:automationName":"uiautomator2","appium:deviceName":"samsung SM-M236B (Android 12)","appium:newCommandTimeout":1800,"platform":"ANDROID","platformName":"android","appium:platformVersion":"12","appium:systemPort":8298,"appium:udid":"RRCT303DHAM"}]}}[39m
[35m[BaseDriver][39m The following capabilities are not standard capabilities and should have an extension prefix:
[35m[BaseDriver][39m   platform
[35m[BaseDriver][39m   chromedriverPort
[35m[Appium][39m Appium v1.22.3 creating new AndroidUiautomator2Driver (v1.70.1) session
[35m[BaseDriver][39m The following capabilities were provided, but are not recognized by Appium:
[35m[BaseDriver][39m   platform
[35m[BaseDriver][39m Session created with session id: 52457964-5665-420d-ba8d-2e02559a61f8
[35m[UiAutomator2][39m Starting 'com.android.settings' directly on the device
[35m[ADB][39m Found 3 'build-tools' folders under 'C:\Users\ACER-RYZEN\AppData\Local\Android\Sdk' (newest first):
[35m[ADB][39m     C:/Users/ACER-RYZEN/AppData/Local/Android/Sdk/build-tools/32.1.0-rc1
[35m[ADB][39m     C:/Users/ACER-RYZEN/AppData/Local/Android/Sdk/build-tools/32.0.0
[35m[ADB][39m     C:/Users/ACER-RYZEN/AppData/Local/Android/Sdk/build-tools/30.0.3
[35m[ADB][39m Using 'adb.exe' from 'C:\Users\ACER-RYZEN\AppData\Local\Android\Sdk\platform-tools\adb.exe'
[35m[AndroidDriver][39m Retrieving device list
[35m[AndroidDriver][39m Using device: RRCT303DHAM
[35m[ADB][39m Using 'adb.exe' from 'C:\Users\ACER-RYZEN\AppData\Local\Android\Sdk\platform-tools\adb.exe'
[35m[ADB][39m Getting device platform version
[35m[UiAutomator2][39m Relaxing hidden api policy
[35m[AndroidDriver][39m No app sent in, not parsing package/activity
[35m[ADB][39m Using 'apksigner.jar' from 'C:\Users\ACER-RYZEN\AppData\Local\Android\Sdk\build-tools\32.1.0-rc1\lib\apksigner.jar'
[35m[ADB][39m 'C:\Users\ACER-RYZEN\AppData\Roaming\npm\node_modules\appium\node_modules\appium-uiautomator2-server\apks\appium-uiautomator2-server-v4.27.0.apk' is signed with the default certificate
[35m[ADB][39m 'C:\Users\ACER-RYZEN\AppData\Roaming\npm\node_modules\appium\node_modules\appium-uiautomator2-server\apks\appium-uiautomator2-server-debug-androidTest.apk' is signed with the default certificate
[35m[UiAutomator2][39m Server packages are not going to be (re)installed
[35m[ADB][39m Adding packages ["io.appium.settings","io.appium.uiautomator2.server","io.appium.uiautomator2.server.test"] to Doze whitelist
[35m[ADB][39m com.android.settings contains no permissions available for granting
[35m[UiAutomator2][39m Starting UIAutomator2 server 4.27.0
[35m[UiAutomator2][39m Using UIAutomator2 server from 'C:\Users\ACER-RYZEN\AppData\Roaming\npm\node_modules\appium\node_modules\appium-uiautomator2-server\apks\appium-uiautomator2-server-v4.27.0.apk' and test from 'C:\Users\ACER-RYZEN\AppData\Roaming\npm\node_modules\appium\node_modules\appium-uiautomator2-server\apks\appium-uiautomator2-server-debug-androidTest.apk'
[35m[UiAutomator2][39m Waiting up to 30000ms for UiAutomator2 to be online...
[35m[WD Proxy][39m socket hang up
[35m[WD Proxy][39m socket hang up
[35m[WD Proxy][39m socket hang up
[35m[WD Proxy][39m Determined the downstream protocol as 'W3C'
[35m[AndroidDriver][39m Screen already unlocked, doing nothing
[35m[UiAutomator2][39m Starting 'com.android.settings/.Settings and waiting for 'com.android.settings/.Settings'
[35m[Appium][39m New AndroidUiautomator2Driver session created successfully, session 52457964-5665-420d-ba8d-2e02559a61f8 added to master session list
[35m[HTTP][39m [37m<-- POST /wd/hub/session [39m[32m200[39m [90m10814 ms - 1159[39m
[35m[HTTP][39m [90m[39m
[35m[HTTP][39m [37m-->[39m [37mGET[39m [37m/wd/hub/session/52457964-5665-420d-ba8d-2e02559a61f8[39m
[35m[HTTP][39m [90m{}[39m
[35m[HTTP][39m [37m<-- GET /wd/hub/session/52457964-5665-420d-ba8d-2e02559a61f8 [39m[32m200[39m [90m29 ms - 1113[39m
[35m[HTTP][39m [90m[39m
[35m[HTTP][39m [37m-->[39m [37mGET[39m [37m/wd/hub/session/52457964-5665-420d-ba8d-2e02559a61f8[39m
[35m[HTTP][39m [90m{}[39m
[35m[HTTP][39m [37m<-- GET /wd/hub/session/52457964-5665-420d-ba8d-2e02559a61f8 [39m[32m200[39m [90m23 ms - 1113[39m
[35m[HTTP][39m [90m[39m
[35m[HTTP][39m [37m-->[39m [37mGET[39m [37m/wd/hub/status[39m
[35m[HTTP][39m [90m{}[39m
[35m[HTTP][39m [37m<-- GET /wd/hub/status [39m[32m200[39m [90m1 ms - 68[39m
[35m[HTTP][39m [90m[39m
[35m[HTTP][39m [37m-->[39m [37mPOST[39m [37m/wd/hub/session/52457964-5665-420d-ba8d-2e02559a61f8/timeouts[39m
[35m[HTTP][39m [90m{"implicit":60000}[39m
[35m[HTTP][39m [37m<-- POST /wd/hub/session/52457964-5665-420d-ba8d-2e02559a61f8/timeouts [39m[32m200[39m [90m5 ms - 14[39m
[35m[HTTP][39m [90m[39m
[35m[HTTP][39m [37m-->[39m [37mGET[39m [37m/wd/hub/session/52457964-5665-420d-ba8d-2e02559a61f8/screenshot[39m
[35m[HTTP][39m [90m{}[39m
[35m[HTTP][39m [37m<-- GET /wd/hub/session/52457964-5665-420d-ba8d-2e02559a61f8/screenshot [39m[32m200[39m [90m430 ms - 204056[39m
[35m[HTTP][39m [90m[39m
[35m[HTTP][39m [37m-->[39m [37mGET[39m [37m/wd/hub/session/52457964-5665-420d-ba8d-2e02559a61f8/window/rect[39m
[35m[HTTP][39m [90m{}[39m
[35m[HTTP][39m [37m<-- GET /wd/hub/session/52457964-5665-420d-ba8d-2e02559a61f8/window/rect [39m[32m200[39m [90m27 ms - 50[39m
[35m[HTTP][39m [90m[39m
[35m[HTTP][39m [37m-->[39m [37mGET[39m [37m/wd/hub/session/52457964-5665-420d-ba8d-2e02559a61f8/appium/device/system_bars[39m
[35m[HTTP][39m [90m{}[39m
[35m[HTTP][39m [37m<-- GET /wd/hub/session/52457964-5665-420d-ba8d-2e02559a61f8/appium/device/system_bars [39m[32m200[39m [90m128 ms - 145[39m
[35m[HTTP][39m [90m[39m
[35m[HTTP][39m [37m-->[39m [37mPOST[39m [37m/wd/hub/session/52457964-5665-420d-ba8d-2e02559a61f8/appium/device/activate_app[39m
[35m[HTTP][39m [90m{"bundleId":"com.example.payoll"}[39m
[35m[HTTP][39m [37m<-- POST /wd/hub/session/52457964-5665-420d-ba8d-2e02559a61f8/appium/device/activate_app [39m[32m200[39m [90m423 ms - 14[39m
[35m[HTTP][39m [90m[39m
[35m[HTTP][39m [37m-->[39m [37mGET[39m [37m/wd/hub/session/52457964-5665-420d-ba8d-2e02559a61f8/source[39m
[35m[HTTP][39m [90m{}[39m
[35m[W3C (52457964)][39m Driver proxy active, passing request on via HTTP proxy
[35m[WD Proxy][39m Replacing sessionId 531990c4-bb50-41e5-8a50-205b2b570252 with 52457964-5665-420d-ba8d-2e02559a61f8
[35m[HTTP][39m [37m<-- GET /wd/hub/session/52457964-5665-420d-ba8d-2e02559a61f8/source [39m[32m200[39m [90m601 ms - 5730[39m
[35m[HTTP][39m [90m[39m
[35m[HTTP][39m [37m-->[39m [37mGET[39m [37m/wd/hub/session/52457964-5665-420d-ba8d-2e02559a61f8/screenshot[39m
[35m[HTTP][39m [90m{}[39m
[35m[HTTP][39m [37m<-- GET /wd/hub/session/52457964-5665-420d-ba8d-2e02559a61f8/screenshot [39m[32m200[39m [90m430 ms - 355816[39m
[35m[HTTP][39m [90m[39m[35m[BaseDriver][39m Shutting down because we waited 1800 seconds for a command
[35m[Appium][39m Closing session, cause was 'New Command Timeout of 1800 seconds expired. Try customizing the timeout using the 'newCommandTimeout' desired capability'
[35m[Appium][39m Removing session 'faa059f7-ae7c-405b-89ac-d6929e1df48e' from our master session list
[35m[UiAutomator2][39m Did not get confirmation UiAutomator2 deleteSession worked; Error was: UnknownError: An unknown server-side error occurred while processing the command. Original error: 'DELETE /' cannot be proxied to UiAutomator2 server because the instrumentation process is not running (probably crashed). Check the server log and/or the logcat output for more details
[35m[UiAutomator2][39m Restoring hidden api policy to the device default configuration
39m
[35m[HTTP][39m [37m-->[39m [37mPOST[39m [37m/wd/hub/session/52457964-5665-420d-ba8d-2e02559a61f8/elements[39m
[35m[HTTP][39m [90m{"using":"xpath","value":"//*[@class = 'android.view.View' and @resource-id = '' and (@text = '' or . = '')]"}[39m
[35m[HTTP][39m [37m<-- POST /wd/hub/session/52457964-5665-420d-ba8d-2e02559a61f8/elements [39m[32m200[39m [90m313 ms - 3083[39m
[35m[HTTP][39m [90m[39m
[35m[HTTP][39m [37m-->[39m [37mPOST[39m [37m/wd/hub/session/52457964-5665-420d-ba8d-2e02559a61f8/elements[39m
[35m[HTTP][39m [90m{"using":"accessibility id","value":"Data\nTab 2 of 2"}[39m
[35m[HTTP][39m [37m<-- POST /wd/hub/session/52457964-5665-420d-ba8d-2e02559a61f8/elements [39m[32m200[39m [90m37 ms - 139[39m
[35m[HTTP][39m [90m[39m
[35m[HTTP][39m [37m-->[39m [37mGET[39m [37m/wd/hub/session/52457964-5665-420d-ba8d-2e02559a61f8/window/rect[39m
[35m[HTTP][39m [90m{}[39m
[35m[HTTP][39m [37m<-- GET /wd/hub/session/52457964-5665-420d-ba8d-2e02559a61f8/window/rect [39m[32m200[39m [90m18 ms - 50[39m
[35m[HTTP][39m [90m[39m
[35m[HTTP][39m [37m-->[39m [37mPOST[39m [37m/wd/hub/session/52457964-5665-420d-ba8d-2e02559a61f8/elements[39m
[35m[HTTP][39m [90m{"using":"accessibility id","value":"Data\nTab 2 of 2"}[39m
[35m[HTTP][39m [37m<-- POST /wd/hub/session/52457964-5665-420d-ba8d-2e02559a61f8/elements [39m[32m200[39m [90m59 ms - 139[39m
[35m[HTTP][39m [90m[39m
[35m[HTTP][39m [37m-->[39m [37mGET[39m [37m/wd/hub/session/52457964-5665-420d-ba8d-2e02559a61f8/element/00000000-0000-06ae-0000-004d00000003/location[39m
[35m[HTTP][39m [90m{}[39m
[35m[W3C (52457964)][39m Driver proxy active, passing request on via HTTP proxy
[35m[WD Proxy][39m Replacing sessionId 531990c4-bb50-41e5-8a50-205b2b570252 with 52457964-5665-420d-ba8d-2e02559a61f8
[35m[HTTP][39m [37m<-- GET /wd/hub/session/52457964-5665-420d-ba8d-2e02559a61f8/element/00000000-0000-06ae-0000-004d00000003/location [39m[32m200[39m [90m42 ms - 78[39m
[35m[HTTP][39m [90m[39m
[35m[HTTP][39m [37m-->[39m [37mPOST[39m [37m/wd/hub/session/52457964-5665-420d-ba8d-2e02559a61f8/element/00000000-0000-06ae-0000-004d00000003/click[39m
[35m[HTTP][39m [90m{"id":"00000000-0000-06ae-0000-004d00000003"}[39m
[35m[HTTP][39m [37m<-- POST /wd/hub/session/52457964-5665-420d-ba8d-2e02559a61f8/element/00000000-0000-06ae-0000-004d00000003/click [39m[32m200[39m [90m889 ms - 14[39m
[35m[HTTP][39m [90m[39m
[35m[HTTP][39m [37m-->[39m [37mGET[39m [37m/wd/hub/session/52457964-5665-420d-ba8d-2e02559a61f8/source[39m
[35m[HTTP][39m [90m{}[39m
[35m[W3C (52457964)][39m Driver proxy active, passing request on via HTTP proxy
[35m[WD Proxy][39m Replacing sessionId 531990c4-bb50-41e5-8a50-205b2b570252 with 52457964-5665-420d-ba8d-2e02559a61f8
[35m[HTTP][39m [37m<-- GET /wd/hub/session/52457964-5665-420d-ba8d-2e02559a61f8/source [39m[32m200[39m [90m98 ms - 13079[39m
[35m[HTTP][39m [90m[39m
[35m[HTTP][39m [37m-->[39m [37mGET[39m [37m/wd/hub/session/52457964-5665-420d-ba8d-2e02559a61f8/screenshot[39m
[35m[HTTP][39m [90m{}[39m
[35m[HTTP][39m [37m<-- GET /wd/hub/session/52457964-5665-420d-ba8d-2e02559a61f8/screenshot [39m[32m200[39m [90m514 ms - 177582[39m
[35m[HTTP][39m [90m[39m
[35m[HTTP][39m [37m-->[39m [37mPOST[39m [37m/wd/hub/session/52457964-5665-420d-ba8d-2e02559a61f8/elements[39m
[35m[HTTP][39m [90m{"using":"xpath","value":"//*[@class = 'android.view.View' and @resource-id = '' and (@text = '' or . = '')]"}[39m
[35m[HTTP][39m [37m<-- POST /wd/hub/session/52457964-5665-420d-ba8d-2e02559a61f8/elements [39m[32m200[39m [90m779 ms - 3083[39m
[35m[HTTP][39m [90m[39m
[35m[HTTP][39m [37m-->[39m [37mPOST[39m [37m/wd/hub/session/52457964-5665-420d-ba8d-2e02559a61f8/elements[39m
[35m[HTTP][39m [90m{"using":"accessibility id","value":"XL Paket Internet\nHarga\nRp 300.002 "}[39m
[35m[HTTP][39m [37m<-- POST /wd/hub/session/52457964-5665-420d-ba8d-2e02559a61f8/elements [39m[32m200[39m [90m17 ms - 139[39m
[35m[HTTP][39m [90m[39m
[35m[HTTP][39m [37m-->[39m [37mGET[39m [37m/wd/hub/session/52457964-5665-420d-ba8d-2e02559a61f8/window/rect[39m
[35m[HTTP][39m [90m{}[39m
[35m[HTTP][39m [37m<-- GET /wd/hub/session/52457964-5665-420d-ba8d-2e02559a61f8/window/rect [39m[32m200[39m [90m8 ms - 50[39m
[35m[HTTP][39m [90m[39m
[35m[HTTP][39m [37m-->[39m [37mPOST[39m [37m/wd/hub/session/52457964-5665-420d-ba8d-2e02559a61f8/elements[39m
[35m[HTTP][39m [90m{"using":"accessibility id","value":"XL Paket Internet\nHarga\nRp 300.002 "}[39m
[35m[HTTP][39m [37m<-- POST /wd/hub/session/52457964-5665-420d-ba8d-2e02559a61f8/elements [39m[32m200[39m [90m23 ms - 139[39m
[35m[HTTP][39m [90m[39m
[35m[HTTP][39m [37m-->[39m [37mGET[39m [37m/wd/hub/session/52457964-5665-420d-ba8d-2e02559a61f8/element/00000000-0000-06ae-0000-007e00000003/location[39m
[35m[HTTP][39m [90m{}[39m
[35m[W3C (52457964)][39m Driver proxy active, passing request on via HTTP proxy
[35m[WD Proxy][39m Replacing sessionId 531990c4-bb50-41e5-8a50-205b2b570252 with 52457964-5665-420d-ba8d-2e02559a61f8
[35m[HTTP][39m [37m<-- GET /wd/hub/session/52457964-5665-420d-ba8d-2e02559a61f8/element/00000000-0000-06ae-0000-007e00000003/location [39m[32m200[39m [90m15 ms - 79[39m
[35m[HTTP][39m [90m[39m
[35m[HTTP][39m [37m-->[39m [37mPOST[39m [37m/wd/hub/session/52457964-5665-420d-ba8d-2e02559a61f8/element/00000000-0000-06ae-0000-007e00000003/click[39m
[35m[HTTP][39m [90m{"id":"00000000-0000-06ae-0000-007e00000003"}[39m
[35m[HTTP][39m [37m<-- POST /wd/hub/session/52457964-5665-420d-ba8d-2e02559a61f8/element/00000000-0000-06ae-0000-007e00000003/click [39m[32m200[39m [90m51 ms - 14[39m
[35m[HTTP][39m [90m[39m
[35m[HTTP][39m [37m-->[39m [37mGET[39m [37m/wd/hub/session/52457964-5665-420d-ba8d-2e02559a61f8/source[39m
[35m[HTTP][39m [90m{}[39m
[35m[W3C (52457964)][39m Driver proxy active, passing request on via HTTP proxy
[35m[WD Proxy][39m Replacing sessionId 531990c4-bb50-41e5-8a50-205b2b570252 with 52457964-5665-420d-ba8d-2e02559a61f8
[35m[HTTP][39m [37m<-- GET /wd/hub/session/52457964-5665-420d-ba8d-2e02559a61f8/source [39m[32m200[39m [90m231 ms - 6113[39m
[35m[HTTP][39m [90m[39m
[35m[HTTP][39m [37m-->[39m [37mGET[39m [37m/wd/hub/session/52457964-5665-420d-ba8d-2e02559a61f8/screenshot[39m
[35m[HTTP][39m [90m{}[39m
[35m[HTTP][39m [37m<-- GET /wd/hub/session/52457964-5665-420d-ba8d-2e02559a61f8/screenshot [39m[32m200[39m [90m582 ms - 230256[39m
[35m[HTTP][39m [90m[39m
[35m[HTTP][39m [37m-->[39m [37mDELETE[39m [37m/wd/hub/session/52457964-5665-420d-ba8d-2e02559a61f8[39m
[35m[HTTP][39m [90m{}[39m
[35m[Appium][39m Removing session 52457964-5665-420d-ba8d-2e02559a61f8 from our master session list
[35m[UiAutomator2][39m Restoring hidden api policy to the device default configuration
[35m[HTTP][39m [37m<-- DELETE /wd/hub/session/52457964-5665-420d-ba8d-2e02559a61f8 [39m[32m200[39m [90m522 ms - 14[39m
[35m[HTTP][39m [90m[39m
